iMPACT Version: 10.1.03

iMPACT log file Started on Tue Jul  1 18:08:37 2014

// *** BATCH CMD : setMode -bs
// *** BATCH CMD : setMode -bs
GUI --- Auto connect to cable...
// *** BATCH CMD : setCable -port auto
AutoDetecting cable. Please wait.
PROGRESS_START - Starting Operation.
 OS platform = i686.
Connecting to cable (Parallel Port - parport0).
 libusb-driver.so version: 2013-11-26 12:35:23.
Cable connection failed.
 OS platform = i686.
Connecting to cable (Parallel Port - parport1).
 libusb-driver.so version: 2013-11-26 12:35:23.
Cable connection failed.
 OS platform = i686.
Connecting to cable (Parallel Port - parport2).
 libusb-driver.so version: 2013-11-26 12:35:23.
Cable connection failed.
 OS platform = i686.
Connecting to cable (Parallel Port - parport3).
 libusb-driver.so version: 2013-11-26 12:35:23.
Cable connection failed.
 OS platform = i686.
 Using libusb.
Connecting to cable (Usb Port - USB21).
Checking cable driver.
File version of /opt/Xilinx/10.1/ISE/bin/lin/xusbdfwu.hex = 1030.
File version of /etc/hotplug/usb/xusbdfwu.fw/xusbdfwu.hex = 1030.
 Using libusb.
 Max current requested during enumeration is 74 mA.
Type = 0x0004.
 Cable Type = 3, Revision = 0.
 Setting cable speed to 6 MHz.
Cable connection established.
Firmware version = 1028.
File version of /opt/Xilinx/10.1/ISE/data/xusb_xlp.hex = 1303.
Firmware hex file version = 1303.
Downloading /opt/Xilinx/10.1/ISE/data/xusb_xlp.hex.
Downloaded firmware version = 1303.
PLD file version = 0012h.
 PLD version = 0012h.
PROGRESS_END - End Operation.
Elapsed time =      0 sec.
Attempting to identify devices in the boundary-scan chain configuration...// *** BATCH CMD : Identify 
PROGRESS_START - Starting Operation.
Identifying chain contents ....'1': : Manufacturer's ID =Xilinx xcf04s, Version : 15
INFO:iMPACT:1777 - 
   Reading /opt/Xilinx/10.1/ISE/xcf/data/xcf04s.bsd...
INFO:iMPACT:501 - '1': Added Device xcf04s successfully.
----------------------------------------------------------------------
----------------------------------------------------------------------
'2': : Manufacturer's ID =Xilinx xc3s700an, Version : 2
INFO:iMPACT:1777 - 
   Reading /opt/Xilinx/10.1/ISE/spartan3a/data/xc3s700an.bsd...
INFO:iMPACT:501 - '1': Added Device xc3s700an successfully.
----------------------------------------------------------------------
----------------------------------------------------------------------
done.
PROGRESS_END - End Operation.
Elapsed time =      0 sec.
// *** BATCH CMD : identifyMPM 
// *** BATCH CMD : assignFile -p 1 -file"/home/atana/RTI/dnepr/check/ise/top.bit"
'1': Loading file '/home/atana/RTI/dnepr/check/ise/top.bit' ...
done.
Found sync word in bitstream.
----------------------------------------------------------------------
INFO:iMPACT:501 - '1': Added Device xc3s700an successfully.
----------------------------------------------------------------------
----------------------------------------------------------------------
// *** BATCH CMD : Program -p 1 -e -v 
Maximum TCK operating frequency for this device chain: 10000000.
Validating chain...
Boundary-scan chain validated successfully.
'1': SPI access core not detected. SPI access core will be downloaded to thedevice to enable operations.
INFO:iMPACT - Downloading core file   /opt/Xilinx/10.1/ISE/spartan3a/data/xc3s700an_spi.cor.
PROGRESS_START - Starting Operation.
'1': Downloading core...
done.
'1': Reading status register contents...
CRC error                                         :         0
IDCODE not validated while writing FDRI           :         0
DCM Locked                                        :         1
status of GTS_CFG_B                               :         1
status of GWE                                     :         1
status of GHIGH                                   :         1
value of VSEL pin 0                               :         1
value of VSEL pin 1                               :         1
value of VSEL pin 2                               :         1
value of MODE pin M0                              :         1
value of MODE pin M1                              :         1
value of MODE pin M2                              :         0
value of CFG_RDY (INIT_B)                         :         1
DONEIN input from Done Pin                        :         1
POST_CRC_ERR error                                :         0
SYNC word not found                               :         0
INFO:iMPACT:2219 - Status register values:
INFO:iMPACT - 0011 1111 1110 1100 
INFO:iMPACT:2492 - '1': Completed downloading core to device.
INFO:iMPACT - '1': Checking done pin....done.
'1': Core downloaded successfully.
INFO:iMPACT - Address 0x00000000 is in sector 0.
INFO:iMPACT - Start block = 0 for address 0x00000000.
INFO:iMPACT - Address 0x0005364B is not located at the start of a sector   boundary. The whole sector will be erased.
INFO:iMPACT - Address 0x0005364B is in sector 6.
INFO:iMPACT - End block = 191 for address 0x0005364B.
INFO:iMPACT - Address 0x00000000 is in sector 0.
INFO:iMPACT - Address 0x0005364B is not located at the start of a sector   boundary. The whole sector will be erased.
INFO:iMPACT - Address 0x0005364B is in sector 6.
INFO:iMPACT - Address 0x00000000 is in sector 0.
INFO:iMPACT - Address 0x0005364B is not located at the start of a sector   boundary. The whole sector will be erased.
INFO:iMPACT - Address 0x0005364B is in sector 6.
'1': Erasing device...done.
'1': Erasure completed successfully.
INFO:iMPACT - Address 0x00000000 is in sector 0.
INFO:iMPACT - Address 0x0005364B is not located at the start of a sector   boundary. The whole sector will be erased.
INFO:iMPACT - Address 0x0005364B is in sector 6.
INFO:iMPACT - Address 0x00000000 is in sector 0.
INFO:iMPACT - Address 0x0005364B is not located at the start of a sector   boundary. The whole sector will be erased.
INFO:iMPACT - Address 0x0005364B is in sector 6.
INFO:iMPACT - Address 0x00000000 is in page 0.
INFO:iMPACT - Address 0x0005364B is in page 1293.
'1': Programming Flash...done.
'1': Programming completed successfully.
INFO:iMPACT - Address 0x00000000 is in page 0.
INFO:iMPACT - Address 0x0005364B is in page 1293.
'1': Verifying device...done.
'1': Verification completed successfully.
'1': Programmed successfully.
INFO:iMPACT - '1': Checking done pin....done.
'1': Programmed successfully.
PROGRESS_END - End Operation.
Elapsed time =     33 sec.
// *** BATCH CMD : setMode -bs
// *** BATCH CMD : deleteDevice -position 2
----------------------------------------------------------------------
// *** BATCH CMD : deleteDevice -position 1
// *** BATCH CMD : setMode -bs
// *** BATCH CMD : setMode -bs
GUI --- Auto connect to cable...
// *** BATCH CMD : setCable -port auto
AutoDetecting cable. Please wait.
PROGRESS_START - Starting Operation.
Reusing 78050001 key.
Reusing FC050001 key.
 OS platform = i686.
Connecting to cable (Parallel Port - parport0).
 libusb-driver.so version: 2013-11-26 12:35:23.
Cable connection failed.
Reusing 79050001 key.
Reusing FD050001 key.
 OS platform = i686.
Connecting to cable (Parallel Port - parport1).
 libusb-driver.so version: 2013-11-26 12:35:23.
Cable connection failed.
Reusing 7A050001 key.
Reusing FE050001 key.
 OS platform = i686.
Connecting to cable (Parallel Port - parport2).
 libusb-driver.so version: 2013-11-26 12:35:23.
Cable connection failed.
Reusing 7B050001 key.
Reusing FF050001 key.
 OS platform = i686.
Connecting to cable (Parallel Port - parport3).
 libusb-driver.so version: 2013-11-26 12:35:23.
Cable connection failed.
Reusing A0050001 key.
Reusing 24050001 key.
 OS platform = i686.
 Using libusb.
Connecting to cable (Usb Port - USB21).
Checking cable driver.
File version of /opt/Xilinx/10.1/ISE/bin/lin/xusbdfwu.hex = 1030.
File version of /etc/hotplug/usb/xusbdfwu.fw/xusbdfwu.hex = 1030.
 Using libusb.
Cable connection failed.
 OS platform = i686.
 Using libusb.
Connecting to cable (Usb Port - USB22).
Checking cable driver.
File version of /opt/Xilinx/10.1/ISE/bin/lin/xusbdfwu.hex = 1030.
File version of /etc/hotplug/usb/xusbdfwu.fw/xusbdfwu.hex = 1030.
 Using libusb.
Cable connection failed.
 OS platform = i686.
 Using libusb.
Connecting to cable (Usb Port - USB23).
Checking cable driver.
File version of /opt/Xilinx/10.1/ISE/bin/lin/xusbdfwu.hex = 1030.
File version of /etc/hotplug/usb/xusbdfwu.fw/xusbdfwu.hex = 1030.
 Using libusb.
Cable connection failed.
 OS platform = i686.
 Using libusb.
Connecting to cable (Usb Port - USB24).
Checking cable driver.
File version of /opt/Xilinx/10.1/ISE/bin/lin/xusbdfwu.hex = 1030.
File version of /etc/hotplug/usb/xusbdfwu.fw/xusbdfwu.hex = 1030.
 Using libusb.
Cable connection failed.
PROGRESS_END - End Operation.
Elapsed time =      0 sec.
Cable autodetection failed.
WARNING:iMPACT:923 - Can not find cable, check cable setup !// *** BATCH CMD : setMode -bs
// *** BATCH CMD : setMode -bs
// *** BATCH CMD : setMode -bs
GUI --- Auto connect to cable...
// *** BATCH CMD : setCable -port auto
AutoDetecting cable. Please wait.
PROGRESS_START - Starting Operation.
Reusing 78050001 key.
Reusing FC050001 key.
 OS platform = i686.
Connecting to cable (Parallel Port - parport0).
 libusb-driver.so version: 2013-11-26 12:35:23.
Cable connection failed.
Reusing 79050001 key.
Reusing FD050001 key.
 OS platform = i686.
Connecting to cable (Parallel Port - parport1).
 libusb-driver.so version: 2013-11-26 12:35:23.
Cable connection failed.
Reusing 7A050001 key.
Reusing FE050001 key.
 OS platform = i686.
Connecting to cable (Parallel Port - parport2).
 libusb-driver.so version: 2013-11-26 12:35:23.
Cable connection failed.
Reusing 7B050001 key.
Reusing FF050001 key.
 OS platform = i686.
Connecting to cable (Parallel Port - parport3).
 libusb-driver.so version: 2013-11-26 12:35:23.
Cable connection failed.
Reusing A0050001 key.
Reusing 24050001 key.
 OS platform = i686.
 Using libusb.
Connecting to cable (Usb Port - USB21).
Checking cable driver.
File version of /opt/Xilinx/10.1/ISE/bin/lin/xusbdfwu.hex = 1030.
File version of /etc/hotplug/usb/xusbdfwu.fw/xusbdfwu.hex = 1030.
 Using libusb.
 Max current requested during enumeration is 74 mA.
Type = 0x0004.
 Cable Type = 3, Revision = 0.
 Setting cable speed to 6 MHz.
Cable connection established.
Firmware version = 1028.
File version of /opt/Xilinx/10.1/ISE/data/xusb_xlp.hex = 1303.
Firmware hex file version = 1303.
Downloading /opt/Xilinx/10.1/ISE/data/xusb_xlp.hex.
Downloaded firmware version = 1303.
PLD file version = 0012h.
 PLD version = 0012h.
PROGRESS_END - End Operation.
Elapsed time =      0 sec.
Attempting to identify devices in the boundary-scan chain configuration...// *** BATCH CMD : Identify 
PROGRESS_START - Starting Operation.
Identifying chain contents ....'1': : Manufacturer's ID =Xilinx xcf04s, Version : 15
INFO:iMPACT:1777 - 
   Reading /opt/Xilinx/10.1/ISE/xcf/data/xcf04s.bsd...
INFO:iMPACT:501 - '1': Added Device xcf04s successfully.
----------------------------------------------------------------------
----------------------------------------------------------------------
'2': : Manufacturer's ID =Xilinx xc3s700an, Version : 2
INFO:iMPACT:1777 - 
   Reading /opt/Xilinx/10.1/ISE/spartan3a/data/xc3s700an.bsd...
INFO:iMPACT:501 - '1': Added Device xc3s700an successfully.
----------------------------------------------------------------------
----------------------------------------------------------------------
done.
PROGRESS_END - End Operation.
Elapsed time =      0 sec.
// *** BATCH CMD : identifyMPM 
// *** BATCH CMD : assignFile -p 1 -file"/home/atana/RTI/dnepr/check/ise/top.bit"
'1': Loading file '/home/atana/RTI/dnepr/check/ise/top.bit' ...
done.
Found sync word in bitstream.
----------------------------------------------------------------------
INFO:iMPACT:501 - '1': Added Device xc3s700an successfully.
----------------------------------------------------------------------
----------------------------------------------------------------------
// *** BATCH CMD : Program -p 1 -e -v 
Maximum TCK operating frequency for this device chain: 10000000.
Validating chain...
Boundary-scan chain validated successfully.
'1': SPI access core not detected. SPI access core will be downloaded to thedevice to enable operations.
INFO:iMPACT - Downloading core file   /opt/Xilinx/10.1/ISE/spartan3a/data/xc3s700an_spi.cor.
'1': Downloading core...
PROGRESS_START - Starting Operation.
done.
'1': Reading status register contents...
CRC error                                         :         0
IDCODE not validated while writing FDRI           :         0
DCM Locked                                        :         1
status of GTS_CFG_B                               :         1
status of GWE                                     :         1
status of GHIGH                                   :         1
value of VSEL pin 0                               :         1
value of VSEL pin 1                               :         1
value of VSEL pin 2                               :         1
value of MODE pin M0                              :         1
value of MODE pin M1                              :         1
value of MODE pin M2                              :         0
value of CFG_RDY (INIT_B)                         :         1
DONEIN input from Done Pin                        :         1
POST_CRC_ERR error                                :         0
SYNC word not found                               :         0
INFO:iMPACT:2219 - Status register values:
INFO:iMPACT - 0011 1111 1110 1100 
INFO:iMPACT:2492 - '1': Completed downloading core to device.
INFO:iMPACT - '1': Checking done pin....done.
'1': Core downloaded successfully.
INFO:iMPACT - Address 0x00000000 is in sector 0.
INFO:iMPACT - Start block = 0 for address 0x00000000.
INFO:iMPACT - Address 0x0005364B is not located at the start of a sector   boundary. The whole sector will be erased.
INFO:iMPACT - Address 0x0005364B is in sector 6.
INFO:iMPACT - End block = 191 for address 0x0005364B.
INFO:iMPACT - Address 0x00000000 is in sector 0.
INFO:iMPACT - Address 0x0005364B is not located at the start of a sector   boundary. The whole sector will be erased.
INFO:iMPACT - Address 0x0005364B is in sector 6.
INFO:iMPACT - Address 0x00000000 is in sector 0.
INFO:iMPACT - Address 0x0005364B is not located at the start of a sector   boundary. The whole sector will be erased.
INFO:iMPACT - Address 0x0005364B is in sector 6.
'1': Erasing device...done.
'1': Erasure completed successfully.
INFO:iMPACT - Address 0x00000000 is in sector 0.
INFO:iMPACT - Address 0x0005364B is not located at the start of a sector   boundary. The whole sector will be erased.
INFO:iMPACT - Address 0x0005364B is in sector 6.
INFO:iMPACT - Address 0x00000000 is in sector 0.
INFO:iMPACT - Address 0x0005364B is not located at the start of a sector   boundary. The whole sector will be erased.
INFO:iMPACT - Address 0x0005364B is in sector 6.
INFO:iMPACT - Address 0x00000000 is in page 0.
INFO:iMPACT - Address 0x0005364B is in page 1293.
'1': Programming Flash...done.
'1': Programming completed successfully.
INFO:iMPACT - Address 0x00000000 is in page 0.
INFO:iMPACT - Address 0x0005364B is in page 1293.
'1': Verifying device...done.
'1': Verification completed successfully.
'1': Programmed successfully.
INFO:iMPACT - '1': Checking done pin....done.
'1': Programmed successfully.
PROGRESS_END - End Operation.
Elapsed time =     33 sec.
// *** BATCH CMD : setMode -bs
// *** BATCH CMD : deleteDevice -position 2
----------------------------------------------------------------------
// *** BATCH CMD : deleteDevice -position 1
