Release 10.1.03 - xst K.39 (lin)
Copyright (c) 1995-2008 Xilinx, Inc.  All rights reserved.
--> 
Parameter TMPDIR set to /home/atana/RTI/dnepr/check/ise/xst/projnav.tmp


Total REAL time to Xst completion: 0.00 secs
Total CPU time to Xst completion: 0.04 secs
 
--> 
Parameter xsthdpdir set to /home/atana/RTI/dnepr/check/ise/xst


Total REAL time to Xst completion: 0.00 secs
Total CPU time to Xst completion: 0.04 secs
 
--> 
Reading design: top.prj

TABLE OF CONTENTS
  1) Synthesis Options Summary
  2) HDL Compilation
  3) Design Hierarchy Analysis
  4) HDL Analysis
  5) HDL Synthesis
     5.1) HDL Synthesis Report
  6) Advanced HDL Synthesis
     6.1) Advanced HDL Synthesis Report
  7) Low Level Synthesis
  8) Partition Report
  9) Final Report
     9.1) Device utilization summary
     9.2) Partition Resource Summary
     9.3) TIMING REPORT


=========================================================================
*                      Synthesis Options Summary                        *
=========================================================================
---- Source Parameters
Input File Name                    : "top.prj"
Input Format                       : mixed
Ignore Synthesis Constraint File   : NO

---- Target Parameters
Output File Name                   : "top"
Output Format                      : NGC
Target Device                      : xc3s700an-4-fgg484

---- Source Options
Top Module Name                    : top
Automatic FSM Extraction           : YES
FSM Encoding Algorithm             : Auto
Safe Implementation                : No
FSM Style                          : lut
RAM Extraction                     : Yes
RAM Style                          : Auto
ROM Extraction                     : Yes
Mux Style                          : Auto
Decoder Extraction                 : YES
Priority Encoder Extraction        : YES
Shift Register Extraction          : YES
Logical Shifter Extraction         : YES
XOR Collapsing                     : YES
ROM Style                          : Auto
Mux Extraction                     : YES
Resource Sharing                   : YES
Asynchronous To Synchronous        : NO
Multiplier Style                   : auto
Automatic Register Balancing       : No

---- Target Options
Add IO Buffers                     : YES
Global Maximum Fanout              : 500
Add Generic Clock Buffer(BUFG)     : 24
Register Duplication               : YES
Slice Packing                      : YES
Optimize Instantiated Primitives   : NO
Use Clock Enable                   : Yes
Use Synchronous Set                : Yes
Use Synchronous Reset              : Yes
Pack IO Registers into IOBs        : auto
Equivalent register Removal        : YES

---- General Options
Optimization Goal                  : Speed
Optimization Effort                : 1
Library Search Order               : top.lso
Keep Hierarchy                     : YES
Netlist Hierarchy                  : as_optimized
RTL Output                         : Yes
Global Optimization                : AllClockNets
Read Cores                         : YES
Write Timing Constraints           : NO
Cross Clock Analysis               : NO
Hierarchy Separator                : /
Bus Delimiter                      : <>
Case Specifier                     : maintain
Slice Utilization Ratio            : 100
BRAM Utilization Ratio             : 100
Verilog 2001                       : YES
Auto BRAM Packing                  : NO
Slice Utilization Ratio Delta      : 5

=========================================================================


=========================================================================
*                          HDL Compilation                              *
=========================================================================
Compiling vhdl file "/home/atana/RTI/dnepr/check/ise/top.vhd" in Library work.
Entity <top> compiled.
Entity <top> (Architecture <behavioral>) compiled.

=========================================================================
*                     Design Hierarchy Analysis                         *
=========================================================================
Analyzing hierarchy for entity <top> in library <work> (architecture <behavioral>).


=========================================================================
*                            HDL Analysis                               *
=========================================================================
Analyzing Entity <top> in library <work> (Architecture <behavioral>).
    Set property "FSM_ENCODING = USER" for signal <state>.
    Set property "ENUM_ENCODING = 001 010 011 100 101" for signal <state>.
    Set property "ENUM_ENCODING = 001 010 011 100 101" for signal <next_state>.
Entity <top> analyzed. Unit <top> generated.


=========================================================================
*                           HDL Synthesis                               *
=========================================================================

Performing bidirectional port resolution...

Synthesizing Unit <top>.
    Related source file is "/home/atana/RTI/dnepr/check/ise/top.vhd".
    Found finite state machine <FSM_0> for signal <state>.
    -----------------------------------------------------------------------
    | States             | 5                                              |
    | Transitions        | 21                                             |
    | Inputs             | 4                                              |
    | Outputs            | 3                                              |
    | Clock              | clk (rising_edge)                              |
    | Reset              | rst (positive)                                 |
    | Reset type         | synchronous                                    |
    | Reset State        | st1_wait_tr_start                              |
    | Power Up State     | st1_wait_tr_start                              |
    | Encoding           | user                                           |
    | Implementation     | LUT                                            |
    -----------------------------------------------------------------------
    Found 1-bit register for signal <dnepr_rc_start_t>.
    Found 1-bit register for signal <dnepr_rc_stop_t>.
    Found 1-bit register for signal <dnepr_tr_start_t>.
    Found 1-bit register for signal <dnepr_tr_stop_t>.
    Found 27-bit up counter for signal <err_cnt>.
    Found 1-bit register for signal <err_overlay>.
    Found 1-bit register for signal <rc_start>.
    Found 1-bit register for signal <rc_stop>.
    Found 1-bit register for signal <tr_start>.
    Found 1-bit register for signal <tr_stop>.
    Summary:
	inferred   1 Finite State Machine(s).
	inferred   1 Counter(s).
	inferred   9 D-type flip-flop(s).
Unit <top> synthesized.


=========================================================================
HDL Synthesis Report

Macro Statistics
# Counters                                             : 1
 27-bit up counter                                     : 1
# Registers                                            : 9
 1-bit register                                        : 9

=========================================================================

=========================================================================
*                       Advanced HDL Synthesis                          *
=========================================================================

Optimizing FSM <state/FSM> on signal <state[1:3]> with user encoding.
--------------------------------
 State              | Encoding
--------------------------------
 st1_wait_tr_start  | 001
 st2_wait_tr_stop   | 010
 st3_wait_rc_start  | 011
 st4_wait_rc_stop   | 100
 st5_error_sequence | 101
--------------------------------
Loading device for application Rf_Device from file '3s700a.nph' in environment /opt/Xilinx/10.1/ISE.

=========================================================================
Advanced HDL Synthesis Report

Macro Statistics
# Counters                                             : 1
 27-bit up counter                                     : 1
# Registers                                            : 12
 Flip-Flops                                            : 12

=========================================================================

=========================================================================
*                         Low Level Synthesis                           *
=========================================================================

Optimizing unit <top> ...

Mapping all equations...
Building and optimizing final netlist ...
Found area constraint ratio of 100 (+ 5) on block top, actual ratio is 0.

Final Macro Processing ...

=========================================================================
Final Register Report

Macro Statistics
# Registers                                            : 39
 Flip-Flops                                            : 39

=========================================================================

=========================================================================
*                           Partition Report                             *
=========================================================================

Partition Implementation Status
-------------------------------

  No Partitions were found in this design.

-------------------------------

=========================================================================
*                            Final Report                               *
=========================================================================
Final Results
RTL Top Level Output File Name     : top.ngr
Top Level Output File Name         : top
Output Format                      : NGC
Optimization Goal                  : Speed
Keep Hierarchy                     : YES

Design Statistics
# IOs                              : 9

Cell Usage :
# BELS                             : 98
#      GND                         : 1
#      INV                         : 2
#      LUT1                        : 26
#      LUT2                        : 1
#      LUT3                        : 2
#      LUT4                        : 9
#      LUT4_L                      : 1
#      MUXCY                       : 26
#      MUXF5                       : 2
#      VCC                         : 1
#      XORCY                       : 27
# FlipFlops/Latches                : 39
#      FD                          : 4
#      FDR                         : 4
#      FDRS                        : 2
#      FDRSE                       : 27
#      FDS                         : 2
# Clock Buffers                    : 1
#      BUFGP                       : 1
# IO Buffers                       : 8
#      IBUF                        : 7
#      OBUF                        : 1
=========================================================================

Device utilization summary:
---------------------------

Selected Device : 3s700anfgg484-4 

 Number of Slices:                       23  out of   5888     0%  
 Number of Slice Flip Flops:             39  out of  11776     0%  
 Number of 4 input LUTs:                 41  out of  11776     0%  
 Number of IOs:                           9
 Number of bonded IOBs:                   9  out of    372     2%  
 Number of GCLKs:                         1  out of     24     4%  

---------------------------
Partition Resource Summary:
---------------------------

  No Partitions were found in this design.

---------------------------


=========================================================================
TIMING REPORT

NOTE: THESE TIMING NUMBERS ARE ONLY A SYNTHESIS ESTIMATE.
      FOR ACCURATE TIMING INFORMATION PLEASE REFER TO THE TRACE REPORT
      GENERATED AFTER PLACE-and-ROUTE.

Clock Information:
------------------
-----------------------------------+------------------------+-------+
Clock Signal                       | Clock buffer(FF name)  | Load  |
-----------------------------------+------------------------+-------+
clk                                | BUFGP                  | 39    |
-----------------------------------+------------------------+-------+

Asynchronous Control Signals Information:
----------------------------------------
No asynchronous control signals found in this design

Timing Summary:
---------------
Speed Grade: -4

   Minimum period: 5.090ns (Maximum Frequency: 196.464MHz)
   Minimum input arrival time before clock: 5.032ns
   Maximum output required time after clock: 7.467ns
   Maximum combinational path delay: No path found

Timing Detail:
--------------
All values displayed in nanoseconds (ns)

=========================================================================
Timing constraint: Default period analysis for Clock 'clk'
  Clock period: 5.090ns (frequency: 196.464MHz)
  Total number of paths / destination ports: 533 / 91
-------------------------------------------------------------------------
Delay:               5.090ns (Levels of Logic = 27)
  Source:            err_cnt_1 (FF)
  Destination:       err_cnt_26 (FF)
  Source Clock:      clk rising
  Destination Clock: clk rising

  Data Path: err_cnt_1 to err_cnt_26
                                Gate     Net
    Cell:in->out      fanout   Delay   Delay  Logical Name (Net Name)
    ----------------------------------------  ------------
     FDRSE:C->Q            1   0.591   0.563  err_cnt_1 (err_cnt_1)
     LUT1:I0->O            1   0.648   0.000  Mcount_err_cnt_cy<1>_rt (Mcount_err_cnt_cy<1>_rt)
     MUXCY:S->O            1   0.632   0.000  Mcount_err_cnt_cy<1> (Mcount_err_cnt_cy<1>)
     MUXCY:CI->O           1   0.065   0.000  Mcount_err_cnt_cy<2> (Mcount_err_cnt_cy<2>)
     MUXCY:CI->O           1   0.065   0.000  Mcount_err_cnt_cy<3> (Mcount_err_cnt_cy<3>)
     MUXCY:CI->O           1   0.065   0.000  Mcount_err_cnt_cy<4> (Mcount_err_cnt_cy<4>)
     MUXCY:CI->O           1   0.065   0.000  Mcount_err_cnt_cy<5> (Mcount_err_cnt_cy<5>)
     MUXCY:CI->O           1   0.065   0.000  Mcount_err_cnt_cy<6> (Mcount_err_cnt_cy<6>)
     MUXCY:CI->O           1   0.065   0.000  Mcount_err_cnt_cy<7> (Mcount_err_cnt_cy<7>)
     MUXCY:CI->O           1   0.065   0.000  Mcount_err_cnt_cy<8> (Mcount_err_cnt_cy<8>)
     MUXCY:CI->O           1   0.065   0.000  Mcount_err_cnt_cy<9> (Mcount_err_cnt_cy<9>)
     MUXCY:CI->O           1   0.065   0.000  Mcount_err_cnt_cy<10> (Mcount_err_cnt_cy<10>)
     MUXCY:CI->O           1   0.065   0.000  Mcount_err_cnt_cy<11> (Mcount_err_cnt_cy<11>)
     MUXCY:CI->O           1   0.065   0.000  Mcount_err_cnt_cy<12> (Mcount_err_cnt_cy<12>)
     MUXCY:CI->O           1   0.065   0.000  Mcount_err_cnt_cy<13> (Mcount_err_cnt_cy<13>)
     MUXCY:CI->O           1   0.065   0.000  Mcount_err_cnt_cy<14> (Mcount_err_cnt_cy<14>)
     MUXCY:CI->O           1   0.065   0.000  Mcount_err_cnt_cy<15> (Mcount_err_cnt_cy<15>)
     MUXCY:CI->O           1   0.065   0.000  Mcount_err_cnt_cy<16> (Mcount_err_cnt_cy<16>)
     MUXCY:CI->O           1   0.065   0.000  Mcount_err_cnt_cy<17> (Mcount_err_cnt_cy<17>)
     MUXCY:CI->O           1   0.065   0.000  Mcount_err_cnt_cy<18> (Mcount_err_cnt_cy<18>)
     MUXCY:CI->O           1   0.065   0.000  Mcount_err_cnt_cy<19> (Mcount_err_cnt_cy<19>)
     MUXCY:CI->O           1   0.065   0.000  Mcount_err_cnt_cy<20> (Mcount_err_cnt_cy<20>)
     MUXCY:CI->O           1   0.065   0.000  Mcount_err_cnt_cy<21> (Mcount_err_cnt_cy<21>)
     MUXCY:CI->O           1   0.065   0.000  Mcount_err_cnt_cy<22> (Mcount_err_cnt_cy<22>)
     MUXCY:CI->O           1   0.065   0.000  Mcount_err_cnt_cy<23> (Mcount_err_cnt_cy<23>)
     MUXCY:CI->O           1   0.065   0.000  Mcount_err_cnt_cy<24> (Mcount_err_cnt_cy<24>)
     MUXCY:CI->O           0   0.065   0.000  Mcount_err_cnt_cy<25> (Mcount_err_cnt_cy<25>)
     XORCY:CI->O           1   0.844   0.000  Mcount_err_cnt_xor<26> (Result<26>)
     FDRSE:D                   0.252          err_cnt_26
    ----------------------------------------
    Total                      5.090ns (4.527ns logic, 0.563ns route)
                                       (88.9% logic, 11.1% route)

=========================================================================
Timing constraint: Default OFFSET IN BEFORE for Clock 'clk'
  Total number of paths / destination ports: 67 / 66
-------------------------------------------------------------------------
Offset:              5.032ns (Levels of Logic = 2)
  Source:            rst (PAD)
  Destination:       err_cnt_0 (FF)
  Destination Clock: clk rising

  Data Path: rst to err_cnt_0
                                Gate     Net
    Cell:in->out      fanout   Delay   Delay  Logical Name (Net Name)
    ----------------------------------------  ------------
     IBUF:I->O            31   0.849   1.405  rst_IBUF (rst_IBUF)
     LUT4:I0->O           27   0.648   1.261  err_cnt_and00001 (err_cnt_and0000)
     FDRSE:R                   0.869          err_cnt_0
    ----------------------------------------
    Total                      5.032ns (2.366ns logic, 2.666ns route)
                                       (47.0% logic, 53.0% route)

=========================================================================
Timing constraint: Default OFFSET OUT AFTER for Clock 'clk'
  Total number of paths / destination ports: 1 / 1
-------------------------------------------------------------------------
Offset:              7.467ns (Levels of Logic = 2)
  Source:            err_cnt_26 (FF)
  Destination:       err (PAD)
  Source Clock:      clk rising

  Data Path: err_cnt_26 to err
                                Gate     Net
    Cell:in->out      fanout   Delay   Delay  Logical Name (Net Name)
    ----------------------------------------  ------------
     FDRSE:C->Q            2   0.591   0.447  err_cnt_26 (err_cnt_26)
     INV:I->O             28   0.648   1.261  err1_INV_0 (err_OBUF)
     OBUF:I->O                 4.520          err_OBUF (err)
    ----------------------------------------
    Total                      7.467ns (5.759ns logic, 1.708ns route)
                                       (77.1% logic, 22.9% route)

=========================================================================


Total REAL time to Xst completion: 3.00 secs
Total CPU time to Xst completion: 3.00 secs
 
--> 


Total memory usage is 163908 kilobytes

Number of errors   :    0 (   0 filtered)
Number of warnings :    0 (   0 filtered)
Number of infos    :    0 (   0 filtered)

