iMPACT Version: 10.1.03

iMPACT log file Started on Tue Jun 24 16:22:34 2014

The following values are set for this run of the wizard
SUBMODE_TYPE is SUBMODE_PFFSERIAL
MULTIBOOT_DEVICE is DEVICE_NONE
MULTIBOOT_TYPE is TYPE_NONE
Downstream Daisy-Chain type is CHAINTYPE_NONE
setMultiBootSelect is FALSE
setSPISelect is FALSE
// *** BATCH CMD : setMode -pff
// *** BATCH CMD : setMode -pff
// *** BATCH CMD : addConfigDevice  -name "dd13" -path"/home/atana/RTI/dnepr/hw/mm010_dd13_dts/"
// *** BATCH CMD : setSubmode -pffserial
// *** BATCH CMD : addDesign -version 0 -name "00"
// *** BATCH CMD : setMode -pff
// *** BATCH CMD : addDeviceChain -index 0
// *** BATCH CMD : setMode -pff
// *** BATCH CMD : addDeviceChain -index 0
Override chain at index 0.
Overriding chain at index 0.
// *** BATCH CMD : setAttribute -configdevice -attr compressed -value "FALSE"
// *** BATCH CMD : setAttribute -configdevice -attr compressed -value "FALSE"
// *** BATCH CMD : setAttribute -configdevice -attr autoSize -value "FALSE"
// *** BATCH CMD : setAttribute -configdevice -attr fileFormat -value "mcs"
// *** BATCH CMD : setAttribute -configdevice -attr fillValue -value "FF"
// *** BATCH CMD : setAttribute -configdevice -attr swapBit -value "FALSE"
// *** BATCH CMD : setAttribute -configdevice -attr dir -value "UP"
// *** BATCH CMD : setAttribute -configdevice -attr multiboot -value "FALSE"
// *** BATCH CMD : setAttribute -configdevice -attr multiboot -value "FALSE"
// *** BATCH CMD : setAttribute -configdevice -attr spiSelected -value "FALSE"
// *** BATCH CMD : setAttribute -configdevice -attr spiSelected -value "FALSE"
// *** BATCH CMD : addPromDevice -p 1 -size 0 -name xcf32p
'1': Added Device xcf32p successfully.
----------------------------------------------------------------------
// *** BATCH CMD : setMode -pff
------------------------  GUI: PFFView Wizard Data Report ------------------------
SubMode: PFF_SERIAL
MB Master Device: 
MB Mode: 
MB Chain: 
getMultiBootSelected(): FALSE
getSPISelected(): FALSE
------------------------  GUI: End PFFView Report  ------------------------
// *** BATCH CMD : setMode -pff
// *** BATCH CMD : deletePromDevice -position 1
// *** BATCH CMD : setCurrentDesign -version 0
// *** BATCH CMD : deleteDesign -version 0
// *** BATCH CMD : setCurrentDesign -version -1
// *** BATCH CMD : setMode -pff
// *** BATCH CMD : addConfigDevice -size 512 -name "dd13" -path"/home/atana/RTI/dnepr/hw/mm010_dd13_dts/"
// *** BATCH CMD : setSubmode -pffserial
// *** BATCH CMD : setAttribute -configdevice -attr dir -value "UP"
// *** BATCH CMD : setAttribute -configdevice -attr flashDataWidth -value "8"
// *** BATCH CMD : addPromDevice -p 1 -size 0 -name xcf32p
'1': Added Device xcf32p successfully.
----------------------------------------------------------------------
// *** BATCH CMD : setMode -pff
// *** BATCH CMD : setSubmode -pffserial
// *** BATCH CMD : setAttribute -configdevice -attr dir -value "UP"
// *** BATCH CMD : addDesign -version 0 -name "0000"
// *** BATCH CMD : setMode -pff
// *** BATCH CMD : addDeviceChain -index 0
------------------------  GUI: Wizard Data Report  ---------------------------
      PROM Mode : Serial
      Compression : false
      Fill Value : FF
      Output Format : mcs
      Swap Bits : true
      LoadDirection : UP
      PROM Basename : dd13
      File Location : /home/atana/RTI/dnepr/hw/mm010_dd13_dts/
      Auto Selcet : false
      Number of Data Stream : 1
      Number of PROMs : 1
      PROM Name : xcf32p		PROM Size : 4194304 Bytes
-------------------------- END of Report ----------------------------
// *** BATCH CMD : setAttribute -design -attr name -value "0"
// *** BATCH CMD : addDevice -p 1 -file"/home/atana/RTI/dnepr/hw/mm010_dd13_dts/implementation/system.bit"
'1': Loading file'/home/atana/RTI/dnepr/hw/mm010_dd13_dts/implementation/system.bit' ...
INFO:iMPACT - Elapsed time =      1 sec.
done.
INFO:iMPACT:2257 - Startup Clock has been changed to 'Cclk' in the bitstream   stored in memory,
   but the original bitstream file remains unchanged.
Dumping bit file/home/atana/RTI/dnepr/hw/mm010_dd13_dts/implementation/system_cclktemp.bit...
INFO:iMPACT:501 - '1': Added Device xc2vp50 successfully.
----------------------------------------------------------------------
----------------------------------------------------------------------
Add one device.// *** BATCH CMD : setMode -pff
// *** BATCH CMD : setSubmode -pffserial
// *** BATCH CMD : setAttribute -configdevice -attr fillValue -value "FF"
// *** BATCH CMD : setAttribute -configdevice -attr fileFormat -value "mcs"
// *** BATCH CMD : setAttribute -configdevice -attr dir -value "UP"
// *** BATCH CMD : setAttribute -configdevice -attr path -value"/home/atana/RTI/dnepr/hw/mm010_dd13_dts"
// *** BATCH CMD : setAttribute -configdevice -attr name -value "dd13"
Total configuration bit size = 19021344 bits.
Total configuration byte size = 2377668 bytes.
// *** BATCH CMD : setCurrentDesign -version 0
// *** BATCH CMD : generate
Swap bit can only be disabled in Hex file format only.
0x2447c4 (2377668) bytes loaded up from 0x0
Using user-specified prom size of 4096K
Writing file "/home/atana/RTI/dnepr/hw/mm010_dd13_dts/dd13.mcs".
Writing file "/home/atana/RTI/dnepr/hw/mm010_dd13_dts/dd13.prm".
Writing file "/home/atana/RTI/dnepr/hw/mm010_dd13_dts/dd13.sig".
// *** BATCH CMD : setMode -bs
// *** BATCH CMD : setMode -bs
GUI --- Auto connect to cable...
// *** BATCH CMD : setCable -port auto
AutoDetecting cable. Please wait.
PROGRESS_START - Starting Operation.
Reusing 78050001 key.
Reusing FC050001 key.
 OS platform = i686.
Connecting to cable (Parallel Port - parport0).
 libusb-driver.so version: 2013-11-26 12:35:23.
Cable connection failed.
Reusing 79050001 key.
Reusing FD050001 key.
 OS platform = i686.
Connecting to cable (Parallel Port - parport1).
 libusb-driver.so version: 2013-11-26 12:35:23.
Cable connection failed.
Reusing 7A050001 key.
Reusing FE050001 key.
 OS platform = i686.
Connecting to cable (Parallel Port - parport2).
 libusb-driver.so version: 2013-11-26 12:35:23.
Cable connection failed.
Reusing 7B050001 key.
Reusing FF050001 key.
 OS platform = i686.
Connecting to cable (Parallel Port - parport3).
 libusb-driver.so version: 2013-11-26 12:35:23.
Cable connection failed.
Reusing A0050001 key.
Reusing 24050001 key.
 OS platform = i686.
 Using libusb.
Connecting to cable (Usb Port - USB21).
Checking cable driver.
File version of /opt/Xilinx/10.1/ISE/bin/lin/xusbdfwu.hex = 1030.
File version of /etc/hotplug/usb/xusbdfwu.fw/xusbdfwu.hex = 1030.
 Using libusb.
 Max current requested during enumeration is 300 mA.
Type = 0x0005.
 Cable Type = 3, Revision = 0.
 Setting cable speed to 6 MHz.
Cable connection established.
Firmware version = 2401.
File version of /opt/Xilinx/10.1/ISE/data/xusb_xp2.hex = 2401.
Firmware hex file version = 2401.
PLD file version = 200Dh.
 PLD version = 200Dh.
PROGRESS_END - End Operation.
Elapsed time =      0 sec.
Attempting to identify devices in the boundary-scan chain configuration...// *** BATCH CMD : Identify 
PROGRESS_START - Starting Operation.
Identifying chain contents ....'1': : Manufacturer's ID =Xilinx xcr3064xl, Version : 0
INFO:iMPACT:1777 - 
   Reading /opt/Xilinx/10.1/ISE/xpla3/data/xcr3064xl.bsd...
INFO:iMPACT:501 - '1': Added Device xcr3064xl successfully.
----------------------------------------------------------------------
----------------------------------------------------------------------
'2': : Manufacturer's ID =Xilinx xcf32p, Version : 13
INFO:iMPACT:1777 - 
   Reading /opt/Xilinx/10.1/ISE/xcfp/data/xcf32p.bsd...
INFO:iMPACT:501 - '1': Added Device xcf32p successfully.
----------------------------------------------------------------------
----------------------------------------------------------------------
'3': : Manufacturer's ID =Xilinx xc2vp50, Version : 1
INFO:iMPACT:1777 - 
   Reading /opt/Xilinx/10.1/ISE/virtex2p/data/xc2vp50.bsd...
INFO:iMPACT:501 - '1': Added Device xc2vp50 successfully.
----------------------------------------------------------------------
----------------------------------------------------------------------
done.
PROGRESS_END - End Operation.
Elapsed time =      0 sec.
// *** BATCH CMD : identifyMPM 
// *** BATCH CMD : assignFile -p 2 -file"/home/atana/RTI/dnepr/hw/mm010_dd13_dts/dd13.mcs"
'2': Loading file '/home/atana/RTI/dnepr/hw/mm010_dd13_dts/dd13.mcs' ...
done.
INFO:iMPACT:1835 - Loading CFI file   /home/atana/RTI/dnepr/hw/mm010_dd13_dts/dd13.cfi
CFI file not found, proceed with device default setting.
// *** BATCH CMD : setAttribute -position 2 -attr readnextdevice -value "(null)"
// *** BATCH CMD : Program -p 2 -e -v -defaultVersion 0 
'2': Putting device in ISP mode...done.
Maximum TCK operating frequency for this device chain: 10000000.
Validating chain...
Boundary-scan chain validated successfully.
'2': Erasing device...
PROGRESS_START - Starting Operation.
Erasure completed successfully.
'2': Putting device in ISP mode...done.
done.
'2': Putting device in ISP mode...done.
'2': Putting device in ISP mode...done.
'2': Putting device in ISP mode...done.
'2': Putting device in ISP mode...done.
'2': Programming revision selection to 0.
done.
done.
'2': Putting device in ISP mode...done.
done.
done.
'2': Putting device in ISP mode...done.
'2': Putting device in ISP mode...done.
'2': Verifying device...
done.
'2': Verification completed.
'2': Calculated checksum matches expected checksum, 011721fde
'2': Putting device in ISP mode...done.
done.
'2': Putting device in ISP mode...done.
'2': Programming completed successfully.
'2': Programming completed successfully.
PROGRESS_END - End Operation.
Elapsed time =    114 sec.
