iMPACT Version: Jul 24 2008 23:35:01

iMPACT log file Started on Tue Feb 18 18:20:06 2014

Preference Table
Name                 Setting             
StartupClock         Auto_Correction     
AutoSignature        False               
KeepSVF              False               
ConcurrentMode       False               
UseHighz             False               
ConfigOnFailure      Stop                
UserLevel            Novice              
MessageLevel         Detailed            
svfUseTime           false               
SpiByteSwap          Auto_Correction     
'1': Added Device xcf08p successfully.
----------------------------------------------------------------------
'1': Loading file 'fu2_119.bit' ...
INFO:iMPACT - Elapsed time =      1 sec.
done.
INFO:iMPACT:501 - '1': Added Device xc3s1500 successfully.
----------------------------------------------------------------------
----------------------------------------------------------------------
Swap bit can only be disabled in Hex file format only.
0x9f248 (651848) bytes loaded up from 0x0
Using user-specified prom size of 1024K
Writing file "../../release/mpgf13_6ma119_7mm008_dd1.mcs".
Writing file "../../release/mpgf13_6ma119_7mm008_dd1.prm".
Writing file "../../release/mpgf13_6ma119_7mm008_dd1.sig".
